06-14-2016 @ 14:47:10 - Queuing 2.6.0 - wc_update_260_options
06-14-2016 @ 14:47:10 - Queuing 2.6.0 - wc_update_260_termmeta
06-14-2016 @ 14:47:10 - Queuing 2.6.0 - wc_update_260_zones
06-14-2016 @ 14:47:10 - Queuing 2.6.0 - wc_update_260_zone_methods
06-14-2016 @ 14:47:10 - Queuing 2.6.0 - wc_update_260_refunds
06-14-2016 @ 14:47:10 - Queuing 2.6.0 - wc_update_260_db_version
06-14-2016 @ 14:47:26 - Running wc_update_260_options callback
06-14-2016 @ 14:47:26 - Finished wc_update_260_options callback
06-14-2016 @ 14:47:26 - Running wc_update_260_termmeta callback
06-14-2016 @ 14:47:26 - Finished wc_update_260_termmeta callback
06-14-2016 @ 14:47:26 - Running wc_update_260_zones callback
06-14-2016 @ 14:47:26 - Finished wc_update_260_zones callback
06-14-2016 @ 14:47:26 - Running wc_update_260_zone_methods callback
06-14-2016 @ 14:47:26 - Finished wc_update_260_zone_methods callback
06-14-2016 @ 14:47:26 - Running wc_update_260_refunds callback
06-14-2016 @ 14:47:26 - Finished wc_update_260_refunds callback
06-14-2016 @ 14:47:26 - Running wc_update_260_db_version callback
06-14-2016 @ 14:47:26 - Finished wc_update_260_db_version callback
06-14-2016 @ 14:47:26 - Data update complete
06-14-2016 @ 14:47:26 - Queuing 2.6.0 - wc_update_260_options
06-14-2016 @ 14:47:26 - Queuing 2.6.0 - wc_update_260_termmeta
06-14-2016 @ 14:47:26 - Queuing 2.6.0 - wc_update_260_zones
06-14-2016 @ 14:47:26 - Queuing 2.6.0 - wc_update_260_zone_methods
06-14-2016 @ 14:47:26 - Queuing 2.6.0 - wc_update_260_refunds
06-14-2016 @ 14:47:26 - Queuing 2.6.0 - wc_update_260_db_version
